<?xml version="1.0" encoding="UTF-8"?>
<!-- Generated by org.testng.reporters.JUnitReportReporter -->
<testsuite hostname="DESKTOP-S8MO7BS" failures="0" tests="1" name="com.vyasa.automation.maventesting.DataProviderDemo" time="3.559" errors="0" timestamp="2022-10-07T13:43:29 IST" skipped="0">
  <testcase classname="com.vyasa.automation.maventesting.DataProviderDemo" name="verifyUserLogon" time="3.559"/>
  <system-out/>
</testsuite> <!-- com.vyasa.automation.maventesting.DataProviderDemo -->
