<?xml version="1.0" encoding="UTF-8"?>
<!-- Generated by org.testng.reporters.JUnitReportReporter -->
<testsuite hostname="DESKTOP-S8MO7BS" failures="0" tests="1" name="com.vyasa.automation.maventesting.TestNGAnnotations" time="0.003" errors="0" timestamp="2022-10-07T13:43:28 IST" skipped="0">
  <testcase classname="com.vyasa.automation.maventesting.TestNGAnnotations" name="testMethod" time="0.003"/>
  <system-out/>
</testsuite> <!-- com.vyasa.automation.maventesting.TestNGAnnotations -->
