<?xml version="1.0" encoding="UTF-8"?>
<!-- Generated by org.testng.reporters.JUnitReportReporter -->
<testsuite hostname="DESKTOP-S8MO7BS" failures="0" tests="4" name="com.vyasa.automation.maventesting.DemoTestNG" time="0.003" errors="0" timestamp="2022-10-07T13:43:29 IST" skipped="0">
  <testcase classname="com.vyasa.automation.maventesting.DemoTestNG" name="testCase2" time="0.000"/>
  <system-out/>
  <testcase classname="com.vyasa.automation.maventesting.DemoTestNG" name="testCase4" time="0.001"/>
  <system-out/>
  <testcase classname="com.vyasa.automation.maventesting.DemoTestNG" name="testCase3" time="0.000"/>
  <system-out/>
  <testcase classname="com.vyasa.automation.maventesting.DemoTestNG" name="testCase1" time="0.002"/>
  <system-out/>
</testsuite> <!-- com.vyasa.automation.maventesting.DemoTestNG -->
